  
April 12, 2017 2:51 PM          select * from classify;  
April 12, 2017 2:51 PM          select field from classify where id=1;  
April 12, 2017 2:51 PM          select field from classify where id=2;  
April 12, 2017 2:51 PM          select field from classify where id=3;  
April 12, 2017 2:51 PM          select field from classify where id=4;  
April 12, 2017 2:51 PM          select field from classify where id=5;  
April 12, 2017 2:51 PM          select * from frock;  
April 12, 2017 2:51 PM          select * from womenShoes;  
April 12, 2017 2:51 PM          select * from luggage;  
April 12, 2017 2:51 PM          select * from manShoes;  
April 12, 2017 2:51 PM          select * from manClothing;  
April 12, 2017 2:51 PM          select field from classify where id=6;  
April 12, 2017 2:51 PM          select field from classify where id=7;  
April 12, 2017 2:51 PM          select field from classify where id=8;  
April 12, 2017 2:51 PM          select field from classify where id=9;  
April 12, 2017 2:51 PM          select * from toiletry;  
April 12, 2017 2:51 PM          select field from classify where id=10;  
April 12, 2017 2:51 PM          select * from snack;  
April 12, 2017 2:51 PM          select * from appliance;  
April 12, 2017 2:51 PM          select * from books;  
April 12, 2017 2:51 PM          select * from wine;  
April 12, 2017 2:51 PM          select * from orders where user_id=1;  
April 12, 2017 2:51 PM          select src,price,synopsis,url from frock where id=1;  
April 12, 2017 2:51 PM          select src,price,synopsis,url from wine where id=6;  
April 12, 2017 2:51 PM          select src,price,synopsis,url from manShoes where id=6;  
April 12, 2017 2:51 PM          select src,price,synopsis,url from luggage where id=9;  
April 12, 2017 2:52 PM          update orders set visibility=0 where id=1;  
April 12, 2017 2:52 PM          select * from orders where user_id=1;  
April 12, 2017 2:52 PM          select src,price,synopsis,url from frock where id=1;  
April 12, 2017 2:52 PM          select src,price,synopsis,url from wine where id=6;  
April 12, 2017 2:52 PM          select src,price,synopsis,url from manShoes where id=6;  
April 12, 2017 2:52 PM          select src,price,synopsis,url from luggage where id=9;  
April 12, 2017 3:06 PM          select * from orders where user_id=1;  
April 12, 2017 3:06 PM          select src,price,synopsis,url from frock where id=1;  
April 12, 2017 3:06 PM          select src,price,synopsis,url from wine where id=4;  
April 12, 2017 3:06 PM          select src,price,synopsis,url from snack where id=7;  
April 12, 2017 3:06 PM          select src,price,synopsis,url from luggage where id=2;  
April 12, 2017 3:06 PM          select * from orders where user_id=1;  
April 12, 2017 3:06 PM          select src,price,synopsis,url from frock where id=1;  
April 12, 2017 3:06 PM          select src,price,synopsis,url from wine where id=4;  
April 12, 2017 3:06 PM          select src,price,synopsis,url from snack where id=7;  
April 12, 2017 3:06 PM          select src,price,synopsis,url from luggage where id=2;  
April 12, 2017 3:06 PM          select * from classify;  
April 12, 2017 3:06 PM          select field from classify where id=1;  
April 12, 2017 3:06 PM          select field from classify where id=2;  
April 12, 2017 3:06 PM          select field from classify where id=3;  
April 12, 2017 3:06 PM          select field from classify where id=4;  
April 12, 2017 3:06 PM          select field from classify where id=5;  
April 12, 2017 3:06 PM          select * from manClothing;  
April 12, 2017 3:06 PM          select * from frock;  
April 12, 2017 3:06 PM          select * from womenShoes;  
April 12, 2017 3:06 PM          select * from manShoes;  
April 12, 2017 3:06 PM          select * from luggage;  
April 12, 2017 3:06 PM          select field from classify where id=6;  
April 12, 2017 3:06 PM          select field from classify where id=7;  
April 12, 2017 3:06 PM          select field from classify where id=8;  
April 12, 2017 3:06 PM          select field from classify where id=9;  
April 12, 2017 3:06 PM          select * from books;  
April 12, 2017 3:06 PM          select * from toiletry;  
April 12, 2017 3:06 PM          select * from snack;  
April 12, 2017 3:06 PM          select field from classify where id=10;  
April 12, 2017 3:06 PM          select * from appliance;  
April 12, 2017 3:06 PM          select * from wine;  
April 12, 2017 3:06 PM          select * from orders where user_id=1;  
April 12, 2017 3:06 PM          select src,price,synopsis,url from frock where id=1;  
April 12, 2017 3:06 PM          select src,price,synopsis,url from wine where id=4;  
April 12, 2017 3:06 PM          select src,price,synopsis,url from snack where id=7;  
April 12, 2017 3:06 PM          select src,price,synopsis,url from luggage where id=2;  
April 12, 2017 3:06 PM          select * from orders where user_id=1;  
April 12, 2017 3:06 PM          select src,price,synopsis,url from frock where id=1;  
April 12, 2017 3:06 PM          select src,price,synopsis,url from wine where id=4;  
April 12, 2017 3:06 PM          select src,price,synopsis,url from snack where id=7;  
April 12, 2017 3:06 PM          select src,price,synopsis,url from luggage where id=2;  
April 12, 2017 3:06 PM          select * from classify;  
April 12, 2017 3:06 PM          select field from classify where id=1;  
April 12, 2017 3:06 PM          select field from classify where id=2;  
April 12, 2017 3:06 PM          select field from classify where id=3;  
April 12, 2017 3:06 PM          select field from classify where id=4;  
April 12, 2017 3:06 PM          select field from classify where id=5;  
April 12, 2017 3:06 PM          select * from womenShoes;  
April 12, 2017 3:06 PM          select * from manClothing;  
April 12, 2017 3:06 PM          select * from frock;  
April 12, 2017 3:06 PM          select * from manShoes;  
April 12, 2017 3:06 PM          select * from luggage;  
April 12, 2017 3:06 PM          select field from classify where id=6;  
April 12, 2017 3:06 PM          select field from classify where id=7;  
April 12, 2017 3:06 PM          select field from classify where id=8;  
April 12, 2017 3:06 PM          select * from appliance;  
April 12, 2017 3:06 PM          select field from classify where id=9;  
April 12, 2017 3:06 PM          select field from classify where id=10;  
April 12, 2017 3:06 PM          select * from books;  
April 12, 2017 3:06 PM          select * from toiletry;  
April 12, 2017 3:06 PM          select * from snack;  
April 12, 2017 3:06 PM          select * from wine;  
April 12, 2017 3:06 PM          select * from orders where user_id=1;  
April 12, 2017 3:06 PM          select src,price,synopsis,url from frock where id=1;  
April 12, 2017 3:06 PM          select src,price,synopsis,url from wine where id=4;  
April 12, 2017 3:06 PM          select src,price,synopsis,url from snack where id=7;  
April 12, 2017 3:06 PM          select src,price,synopsis,url from luggage where id=2;  
April 12, 2017 3:06 PM          select * from orders where user_id=1;  
April 12, 2017 3:06 PM          select src,price,synopsis,url from frock where id=1;  
April 12, 2017 3:06 PM          select src,price,synopsis,url from wine where id=4;  
April 12, 2017 3:06 PM          select src,price,synopsis,url from snack where id=7;  
April 12, 2017 3:06 PM          select src,price,synopsis,url from luggage where id=2;  
April 12, 2017 3:07 PM          select * from classify;  
April 12, 2017 3:07 PM          select field from classify where id=1;  
April 12, 2017 3:07 PM          select field from classify where id=2;  
April 12, 2017 3:07 PM          select * from frock;  
April 12, 2017 3:07 PM          select field from classify where id=3;  
April 12, 2017 3:07 PM          select field from classify where id=4;  
April 12, 2017 3:07 PM          select field from classify where id=5;  
April 12, 2017 3:07 PM          select * from manClothing;  
April 12, 2017 3:07 PM          select * from luggage;  
April 12, 2017 3:07 PM          select * from womenShoes;  
April 12, 2017 3:07 PM          select * from manShoes;  
April 12, 2017 3:07 PM          select field from classify where id=6;  
April 12, 2017 3:07 PM          select field from classify where id=7;  
April 12, 2017 3:07 PM          select field from classify where id=8;  
April 12, 2017 3:07 PM          select field from classify where id=9;  
April 12, 2017 3:07 PM          select field from classify where id=10;  
April 12, 2017 3:07 PM          select * from snack;  
April 12, 2017 3:07 PM          select * from toiletry;  
April 12, 2017 3:07 PM          select * from appliance;  
April 12, 2017 3:07 PM          select * from books;  
April 12, 2017 3:07 PM          select * from wine;  
April 12, 2017 3:07 PM          select * from classify;  
April 12, 2017 3:07 PM          select field from classify where id=1;  
April 12, 2017 3:07 PM          select field from classify where id=2;  
April 12, 2017 3:07 PM          select field from classify where id=3;  
April 12, 2017 3:07 PM          select field from classify where id=4;  
April 12, 2017 3:07 PM          select * from frock;  
April 12, 2017 3:07 PM          select field from classify where id=5;  
April 12, 2017 3:07 PM          select * from manClothing;  
April 12, 2017 3:07 PM          select * from womenShoes;  
April 12, 2017 3:07 PM          select * from manShoes;  
April 12, 2017 3:07 PM          select * from luggage;  
April 12, 2017 3:07 PM          select field from classify where id=6;  
April 12, 2017 3:07 PM          select field from classify where id=7;  
April 12, 2017 3:07 PM          select * from toiletry;  
April 12, 2017 3:07 PM          select field from classify where id=8;  
April 12, 2017 3:07 PM          select field from classify where id=9;  
April 12, 2017 3:07 PM          select field from classify where id=10;  
April 12, 2017 3:07 PM          select * from snack;  
April 12, 2017 3:07 PM          select * from appliance;  
April 12, 2017 3:07 PM          select * from books;  
April 12, 2017 3:07 PM          select * from wine;  
April 12, 2017 3:07 PM          select * from classify;  
April 12, 2017 3:07 PM          select field from classify where id=1;  
April 12, 2017 3:07 PM          select field from classify where id=2;  
April 12, 2017 3:07 PM          select field from classify where id=3;  
April 12, 2017 3:07 PM          select field from classify where id=4;  
April 12, 2017 3:07 PM          select field from classify where id=5;  
April 12, 2017 3:07 PM          select * from frock;  
April 12, 2017 3:07 PM          select * from manClothing;  
April 12, 2017 3:07 PM          select * from womenShoes;  
April 12, 2017 3:07 PM          select * from manShoes;  
April 12, 2017 3:07 PM          select * from luggage;  
April 12, 2017 3:07 PM          select field from classify where id=6;  
April 12, 2017 3:07 PM          select field from classify where id=7;  
April 12, 2017 3:07 PM          select field from classify where id=8;  
April 12, 2017 3:07 PM          select * from toiletry;  
April 12, 2017 3:07 PM          select field from classify where id=9;  
April 12, 2017 3:07 PM          select * from snack;  
April 12, 2017 3:07 PM          select * from appliance;  
April 12, 2017 3:07 PM          select field from classify where id=10;  
April 12, 2017 3:07 PM          select * from books;  
April 12, 2017 3:07 PM          select * from wine;  
April 12, 2017 3:07 PM          select * from classify;  
April 12, 2017 3:07 PM          select field from classify where id=1;  
April 12, 2017 3:07 PM          select field from classify where id=2;  
April 12, 2017 3:07 PM          select field from classify where id=3;  
April 12, 2017 3:07 PM          select field from classify where id=4;  
April 12, 2017 3:07 PM          select field from classify where id=5;  
April 12, 2017 3:07 PM          select * from frock;  
April 12, 2017 3:07 PM          select * from manClothing;  
April 12, 2017 3:07 PM          select * from womenShoes;  
April 12, 2017 3:07 PM          select * from manShoes;  
April 12, 2017 3:07 PM          select * from luggage;  
April 12, 2017 3:07 PM          select field from classify where id=6;  
April 12, 2017 3:07 PM          select field from classify where id=7;  
April 12, 2017 3:07 PM          select field from classify where id=8;  
April 12, 2017 3:07 PM          select field from classify where id=9;  
April 12, 2017 3:07 PM          select field from classify where id=10;  
April 12, 2017 3:07 PM          select * from snack;  
April 12, 2017 3:07 PM          select * from books;  
April 12, 2017 3:07 PM          select * from wine;  
April 12, 2017 3:07 PM          select * from toiletry;  
April 12, 2017 3:07 PM          select * from appliance;  
April 12, 2017 3:07 PM          select * from classify;  
April 12, 2017 3:07 PM          select field from classify where id=1;  
April 12, 2017 3:07 PM          select field from classify where id=2;  
April 12, 2017 3:07 PM          select * from frock;  
April 12, 2017 3:07 PM          select field from classify where id=3;  
April 12, 2017 3:07 PM          select field from classify where id=4;  
April 12, 2017 3:07 PM          select field from classify where id=5;  
April 12, 2017 3:07 PM          select * from manClothing;  
April 12, 2017 3:07 PM          select field from classify where id=6;  
April 12, 2017 3:07 PM          select * from womenShoes;  
April 12, 2017 3:07 PM          select * from manShoes;  
April 12, 2017 3:07 PM          select field from classify where id=7;  
April 12, 2017 3:07 PM          select * from luggage;  
April 12, 2017 3:07 PM          select * from toiletry;  
April 12, 2017 3:07 PM          select field from classify where id=8;  
April 12, 2017 3:07 PM          select * from snack;  
April 12, 2017 3:07 PM          select field from classify where id=9;  
April 12, 2017 3:07 PM          select field from classify where id=10;  
April 12, 2017 3:07 PM          select * from appliance;  
April 12, 2017 3:07 PM          select * from books;  
April 12, 2017 3:07 PM          select * from wine;  
April 12, 2017 3:07 PM          select * from orders where user_id=1;  
April 12, 2017 3:07 PM          select src,price,synopsis,url from frock where id=1;  
April 12, 2017 3:07 PM          select src,price,synopsis,url from wine where id=4;  
April 12, 2017 3:07 PM          select src,price,synopsis,url from snack where id=7;  
April 12, 2017 3:07 PM          select src,price,synopsis,url from luggage where id=2;  
April 12, 2017 3:07 PM          select * from orders where user_id=1;  
April 12, 2017 3:07 PM          select src,price,synopsis,url from frock where id=1;  
April 12, 2017 3:07 PM          select src,price,synopsis,url from wine where id=4;  
April 12, 2017 3:07 PM          select src,price,synopsis,url from snack where id=7;  
April 12, 2017 3:07 PM          select src,price,synopsis,url from luggage where id=2;  
April 12, 2017 3:07 PM          select * from orders where user_id=1;  
April 12, 2017 3:07 PM          select src,price,synopsis,url from frock where id=1;  
April 12, 2017 3:07 PM          select src,price,synopsis,url from wine where id=4;  
April 12, 2017 3:07 PM          select src,price,synopsis,url from snack where id=7;  
April 12, 2017 3:07 PM          select src,price,synopsis,url from luggage where id=2;  
April 12, 2017 3:07 PM          select * from orders where user_id=1;  
April 12, 2017 3:07 PM          select src,price,synopsis,url from frock where id=1;  
April 12, 2017 3:07 PM          select src,price,synopsis,url from wine where id=4;  
April 12, 2017 3:07 PM          select src,price,synopsis,url from snack where id=7;  
April 12, 2017 3:07 PM          select src,price,synopsis,url from luggage where id=2;  
April 12, 2017 3:07 PM          select * from orders where user_id=1;  
April 12, 2017 3:07 PM          select src,price,synopsis,url from frock where id=1;  
April 12, 2017 3:07 PM          select src,price,synopsis,url from wine where id=4;  
April 12, 2017 3:07 PM          select src,price,synopsis,url from snack where id=7;  
April 12, 2017 3:07 PM          select src,price,synopsis,url from luggage where id=2;  
April 12, 2017 3:07 PM          select * from orders where user_id=1;  
April 12, 2017 3:07 PM          select src,price,synopsis,url from frock where id=1;  
April 12, 2017 3:07 PM          select src,price,synopsis,url from wine where id=4;  
April 12, 2017 3:07 PM          select src,price,synopsis,url from snack where id=7;  
April 12, 2017 3:07 PM          select src,price,synopsis,url from luggage where id=2;  
April 12, 2017 3:08 PM          select * from snack where id=7;  
April 12, 2017 3:08 PM          select * from orders where user_id=1;  
April 12, 2017 3:08 PM          select src,price,synopsis,url from frock where id=1;  
April 12, 2017 3:08 PM          select src,price,synopsis,url from wine where id=4;  
April 12, 2017 3:08 PM          select src,price,synopsis,url from snack where id=7;  
April 12, 2017 3:08 PM          select src,price,synopsis,url from luggage where id=2;  
April 12, 2017 3:08 PM          select * from classify;  
April 12, 2017 3:08 PM          select field from classify where id=1;  
April 12, 2017 3:08 PM          select field from classify where id=2;  
April 12, 2017 3:08 PM          select field from classify where id=3;  
April 12, 2017 3:08 PM          select field from classify where id=4;  
April 12, 2017 3:08 PM          select * from frock;  
April 12, 2017 3:08 PM          select field from classify where id=5;  
April 12, 2017 3:08 PM          select * from luggage;  
April 12, 2017 3:08 PM          select * from manClothing;  
April 12, 2017 3:08 PM          select * from womenShoes;  
April 12, 2017 3:08 PM          select field from classify where id=6;  
April 12, 2017 3:08 PM          select field from classify where id=7;  
April 12, 2017 3:08 PM          select field from classify where id=8;  
April 12, 2017 3:08 PM          select * from manShoes;  
April 12, 2017 3:08 PM          select field from classify where id=9;  
April 12, 2017 3:08 PM          select * from toiletry;  
April 12, 2017 3:08 PM          select * from snack;  
April 12, 2017 3:08 PM          select * from appliance;  
April 12, 2017 3:08 PM          select field from classify where id=10;  
April 12, 2017 3:08 PM          select * from books;  
April 12, 2017 3:08 PM          select * from wine;  
April 12, 2017 3:08 PM          select * from frock where id=2;  
April 12, 2017 3:08 PM          select * from classify;  
April 12, 2017 3:08 PM          select field from classify where id=1;  
April 12, 2017 3:08 PM          select field from classify where id=2;  
April 12, 2017 3:08 PM          select field from classify where id=3;  
April 12, 2017 3:08 PM          select * from frock;  
April 12, 2017 3:08 PM          select field from classify where id=4;  
April 12, 2017 3:08 PM          select field from classify where id=5;  
April 12, 2017 3:08 PM          select field from classify where id=6;  
April 12, 2017 3:08 PM          select * from manClothing;  
April 12, 2017 3:08 PM          select * from womenShoes;  
April 12, 2017 3:08 PM          select * from manShoes;  
April 12, 2017 3:08 PM          select * from toiletry;  
April 12, 2017 3:08 PM          select * from luggage;  
April 12, 2017 3:08 PM          select field from classify where id=7;  
April 12, 2017 3:08 PM          select field from classify where id=8;  
April 12, 2017 3:08 PM          select field from classify where id=9;  
April 12, 2017 3:08 PM          select field from classify where id=10;  
April 12, 2017 3:08 PM          select * from wine;  
April 12, 2017 3:08 PM          select * from snack;  
April 12, 2017 3:08 PM          select * from appliance;  
April 12, 2017 3:08 PM          select * from books;  
April 12, 2017 3:08 PM          select * from classify;  
April 12, 2017 3:08 PM          select field from classify where id=1;  
April 12, 2017 3:08 PM          select field from classify where id=2;  
April 12, 2017 3:08 PM          select field from classify where id=3;  
April 12, 2017 3:08 PM          select field from classify where id=4;  
April 12, 2017 3:08 PM          select field from classify where id=5;  
April 12, 2017 3:08 PM          select * from frock;  
April 12, 2017 3:08 PM          select * from manShoes;  
April 12, 2017 3:08 PM          select * from luggage;  
April 12, 2017 3:08 PM          select * from manClothing;  
April 12, 2017 3:08 PM          select * from womenShoes;  
April 12, 2017 3:08 PM          select field from classify where id=6;  
April 12, 2017 3:08 PM          select field from classify where id=7;  
April 12, 2017 3:08 PM          select field from classify where id=8;  
April 12, 2017 3:08 PM          select field from classify where id=9;  
April 12, 2017 3:08 PM          select field from classify where id=10;  
April 12, 2017 3:08 PM          select * from toiletry;  
April 12, 2017 3:08 PM          select * from snack;  
April 12, 2017 3:08 PM          select * from appliance;  
April 12, 2017 3:08 PM          select * from books;  
April 12, 2017 3:08 PM          select * from wine;  
April 12, 2017 3:08 PM          select * from orders where user_id=1;  
April 12, 2017 3:08 PM          select src,price,synopsis,url from frock where id=1;  
April 12, 2017 3:08 PM          select src,price,synopsis,url from wine where id=4;  
April 12, 2017 3:08 PM          select src,price,synopsis,url from snack where id=7;  
April 12, 2017 3:08 PM          select src,price,synopsis,url from luggage where id=2;  
April 12, 2017 3:09 PM          select * from orders where user_id=1;  
April 12, 2017 3:09 PM          select src,price,synopsis,url from frock where id=1;  
April 12, 2017 3:09 PM          select src,price,synopsis,url from wine where id=4;  
April 12, 2017 3:09 PM          select src,price,synopsis,url from snack where id=7;  
April 12, 2017 3:09 PM          select src,price,synopsis,url from luggage where id=2;  
April 12, 2017 3:11 PM          select * from orders where user_id=1;  
April 12, 2017 3:11 PM          select src,price,synopsis,url from frock where id=1;  
April 12, 2017 3:11 PM          select src,price,synopsis,url from wine where id=4;  
April 12, 2017 3:11 PM          select src,price,synopsis,url from snack where id=7;  
April 12, 2017 3:11 PM          select src,price,synopsis,url from luggage where id=2;  
April 12, 2017 3:12 PM          select * from orders where user_id=1;  
April 12, 2017 3:12 PM          select src,price,synopsis,url from frock where id=1;  
April 12, 2017 3:12 PM          select src,price,synopsis,url from wine where id=4;  
April 12, 2017 3:12 PM          select src,price,synopsis,url from snack where id=7;  
April 12, 2017 3:12 PM          select src,price,synopsis,url from luggage where id=2;  
April 12, 2017 3:12 PM          select * from orders where user_id=1;  
April 12, 2017 3:12 PM          select src,price,synopsis,url from frock where id=1;  
April 12, 2017 3:12 PM          select src,price,synopsis,url from wine where id=4;  
April 12, 2017 3:12 PM          select src,price,synopsis,url from snack where id=7;  
April 12, 2017 3:12 PM          select src,price,synopsis,url from luggage where id=2;  
April 12, 2017 3:13 PM          select * from orders where user_id=1;  
April 12, 2017 3:13 PM          select src,price,synopsis,url from frock where id=1;  
April 12, 2017 3:13 PM          select src,price,synopsis,url from wine where id=4;  
April 12, 2017 3:13 PM          select src,price,synopsis,url from snack where id=7;  
April 12, 2017 3:13 PM          select src,price,synopsis,url from luggage where id=2;  
April 12, 2017 3:13 PM          select * from orders where user_id=1;  
April 12, 2017 3:13 PM          select src,price,synopsis,url from frock where id=1;  
April 12, 2017 3:13 PM          select src,price,synopsis,url from wine where id=4;  
April 12, 2017 3:13 PM          select src,price,synopsis,url from snack where id=7;  
April 12, 2017 3:13 PM          select src,price,synopsis,url from luggage where id=2;  
April 12, 2017 3:13 PM          select * from orders where user_id=1;  
April 12, 2017 3:13 PM          select src,price,synopsis,url from frock where id=1;  
April 12, 2017 3:13 PM          select src,price,synopsis,url from wine where id=4;  
April 12, 2017 3:13 PM          select src,price,synopsis,url from snack where id=7;  
April 12, 2017 3:13 PM          select src,price,synopsis,url from luggage where id=2;  
April 12, 2017 3:13 PM          select * from orders where user_id=1;  
April 12, 2017 3:13 PM          select src,price,synopsis,url from frock where id=1;  
April 12, 2017 3:13 PM          select src,price,synopsis,url from wine where id=4;  
April 12, 2017 3:13 PM          select src,price,synopsis,url from snack where id=7;  
April 12, 2017 3:13 PM          select src,price,synopsis,url from luggage where id=2;  
April 12, 2017 3:15 PM          select * from orders where user_id=1;  
April 12, 2017 3:15 PM          select src,price,synopsis,url from frock where id=1;  
April 12, 2017 3:15 PM          select src,price,synopsis,url from wine where id=4;  
April 12, 2017 3:15 PM          select src,price,synopsis,url from snack where id=7;  
April 12, 2017 3:15 PM          select src,price,synopsis,url from luggage where id=2;  
April 12, 2017 3:16 PM          select * from orders where user_id=1;  
April 12, 2017 3:16 PM          select src,price,synopsis,url from frock where id=1;  
April 12, 2017 3:16 PM          select src,price,synopsis,url from wine where id=4;  
April 12, 2017 3:16 PM          select src,price,synopsis,url from snack where id=7;  
April 12, 2017 3:16 PM          select src,price,synopsis,url from luggage where id=2;  
April 12, 2017 3:16 PM          select * from orders where user_id=1;  
April 12, 2017 3:16 PM          select src,price,synopsis,url from frock where id=1;  
April 12, 2017 3:16 PM          select src,price,synopsis,url from wine where id=4;  
April 12, 2017 3:16 PM          select src,price,synopsis,url from snack where id=7;  
April 12, 2017 3:16 PM          select src,price,synopsis,url from luggage where id=2;  
April 12, 2017 3:17 PM          select * from orders where user_id=1;  
April 12, 2017 3:17 PM          select src,price,synopsis,url from frock where id=1;  
April 12, 2017 3:17 PM          select src,price,synopsis,url from wine where id=4;  
April 12, 2017 3:17 PM          select src,price,synopsis,url from snack where id=7;  
April 12, 2017 3:17 PM          select src,price,synopsis,url from luggage where id=2;  
April 12, 2017 3:17 PM          select * from orders where user_id=1;  
April 12, 2017 3:17 PM          select src,price,synopsis,url from frock where id=1;  
April 12, 2017 3:17 PM          select src,price,synopsis,url from wine where id=4;  
April 12, 2017 3:17 PM          select src,price,synopsis,url from snack where id=7;  
April 12, 2017 3:17 PM          select src,price,synopsis,url from luggage where id=2;  
April 12, 2017 3:18 PM          select * from orders where user_id=1;  
April 12, 2017 3:18 PM          select src,price,synopsis,url from frock where id=1;  
April 12, 2017 3:18 PM          select src,price,synopsis,url from wine where id=4;  
April 12, 2017 3:18 PM          select src,price,synopsis,url from snack where id=7;  
April 12, 2017 3:18 PM          select src,price,synopsis,url from luggage where id=2;  
April 12, 2017 3:18 PM          select * from orders where user_id=1;  
April 12, 2017 3:18 PM          select src,price,synopsis,url from frock where id=1;  
April 12, 2017 3:18 PM          select src,price,synopsis,url from wine where id=4;  
April 12, 2017 3:18 PM          select src,price,synopsis,url from snack where id=7;  
April 12, 2017 3:18 PM          select src,price,synopsis,url from luggage where id=2;  
April 12, 2017 3:18 PM          select * from orders where user_id=1;  
April 12, 2017 3:18 PM          select src,price,synopsis,url from frock where id=1;  
April 12, 2017 3:18 PM          select src,price,synopsis,url from wine where id=4;  
April 12, 2017 3:18 PM          select src,price,synopsis,url from snack where id=7;  
April 12, 2017 3:18 PM          select src,price,synopsis,url from luggage where id=2;  
April 12, 2017 3:19 PM          select * from orders where user_id=1;  
April 12, 2017 3:19 PM          select src,price,synopsis,url from frock where id=1;  
April 12, 2017 3:19 PM          select src,price,synopsis,url from wine where id=4;  
April 12, 2017 3:19 PM          select src,price,synopsis,url from snack where id=7;  
April 12, 2017 3:19 PM          select src,price,synopsis,url from luggage where id=2;  
April 12, 2017 3:19 PM          select * from orders where user_id=1;  
April 12, 2017 3:19 PM          select src,price,synopsis,url from frock where id=1;  
April 12, 2017 3:19 PM          select src,price,synopsis,url from wine where id=4;  
April 12, 2017 3:19 PM          select src,price,synopsis,url from snack where id=7;  
April 12, 2017 3:19 PM          select src,price,synopsis,url from luggage where id=2;  
April 12, 2017 3:33 PM          select * from orders where user_id=1;  
April 12, 2017 3:33 PM          select src,price,synopsis,url from frock where id=1;  
April 12, 2017 3:33 PM          select src,price,synopsis,url from wine where id=4;  
April 12, 2017 3:33 PM          select src,price,synopsis,url from snack where id=7;  
April 12, 2017 3:33 PM          select src,price,synopsis,url from luggage where id=2;  
April 12, 2017 3:33 PM          select * from classify;  
April 12, 2017 3:33 PM          select field from classify where id=1;  
April 12, 2017 3:33 PM          select field from classify where id=2;  
April 12, 2017 3:33 PM          select field from classify where id=3;  
April 12, 2017 3:33 PM          select * from frock;  
April 12, 2017 3:33 PM          select * from manClothing;  
April 12, 2017 3:33 PM          select field from classify where id=4;  
April 12, 2017 3:33 PM          select field from classify where id=5;  
April 12, 2017 3:33 PM          select * from manShoes;  
April 12, 2017 3:33 PM          select * from womenShoes;  
April 12, 2017 3:33 PM          select * from luggage;  
April 12, 2017 3:33 PM          select field from classify where id=6;  
April 12, 2017 3:33 PM          select field from classify where id=7;  
April 12, 2017 3:33 PM          select * from toiletry;  
April 12, 2017 3:33 PM          select field from classify where id=8;  
April 12, 2017 3:33 PM          select field from classify where id=9;  
April 12, 2017 3:33 PM          select field from classify where id=10;  
April 12, 2017 3:33 PM          select * from wine;  
April 12, 2017 3:33 PM          select * from snack;  
April 12, 2017 3:33 PM          select * from appliance;  
April 12, 2017 3:33 PM          select * from books;  
April 12, 2017 3:33 PM          select * from orders where user_id=1;  
April 12, 2017 3:33 PM          select src,price,synopsis,url from frock where id=1;  
April 12, 2017 3:33 PM          select src,price,synopsis,url from wine where id=4;  
April 12, 2017 3:33 PM          select src,price,synopsis,url from snack where id=7;  
April 12, 2017 3:33 PM          select src,price,synopsis,url from luggage where id=2;  
April 12, 2017 3:33 PM          select * from orders where user_id=1;  
April 12, 2017 3:33 PM          select src,price,synopsis,url from frock where id=1;  
April 12, 2017 3:33 PM          select src,price,synopsis,url from wine where id=4;  
April 12, 2017 3:33 PM          select src,price,synopsis,url from snack where id=7;  
April 12, 2017 3:33 PM          select src,price,synopsis,url from luggage where id=2;  
April 12, 2017 3:33 PM          select * from classify;  
April 12, 2017 3:33 PM          select field from classify where id=1;  
April 12, 2017 3:33 PM          select field from classify where id=2;  
April 12, 2017 3:33 PM          select field from classify where id=3;  
April 12, 2017 3:33 PM          select * from frock;  
April 12, 2017 3:33 PM          select * from manClothing;  
April 12, 2017 3:33 PM          select * from womenShoes;  
April 12, 2017 3:33 PM          select field from classify where id=4;  
April 12, 2017 3:33 PM          select field from classify where id=5;  
April 12, 2017 3:33 PM          select field from classify where id=6;  
April 12, 2017 3:33 PM          select field from classify where id=7;  
April 12, 2017 3:33 PM          select field from classify where id=8;  
April 12, 2017 3:33 PM          select * from manShoes;  
April 12, 2017 3:33 PM          select * from luggage;  
April 12, 2017 3:33 PM          select * from toiletry;  
April 12, 2017 3:33 PM          select * from snack;  
April 12, 2017 3:33 PM          select * from appliance;  
April 12, 2017 3:33 PM          select field from classify where id=9;  
April 12, 2017 3:33 PM          select field from classify where id=10;  
April 12, 2017 3:33 PM          select * from books;  
April 12, 2017 3:33 PM          select * from wine;  
April 12, 2017 3:33 PM          select * from orders where user_id=1;  
April 12, 2017 3:33 PM          select src,price,synopsis,url from frock where id=1;  
April 12, 2017 3:33 PM          select src,price,synopsis,url from wine where id=4;  
April 12, 2017 3:33 PM          select src,price,synopsis,url from snack where id=7;  
April 12, 2017 3:33 PM          select src,price,synopsis,url from luggage where id=2;  
April 12, 2017 3:42 PM          update user set cart=[{"id":1,"classify":"frock"},{"id":2,"classify":"wine"}] where id=1;  
April 12, 2017 3:42 PM          update user set cart=[{"id":1,"classify":"frock"},{"id":2,"classify":"wine"}] where id=1;  
April 12, 2017 3:43 PM          update user set cart='[{"id":1,"classify":"frock"},{"id":2,"classify":"wine"}]' where id=1;  
April 12, 2017 3:44 PM          update user set cart='[{"id":1,"classify":"frock"},{"id":2,"classify":"wine"}]' where id=1;  
April 12, 2017 3:51 PM          update user set cart='[{"id":1,"classify":"frock"},{"id":2,"classify":"wine"}]' where id=1;  
April 12, 2017 3:51 PM          select cart from user where id=1;  
April 12, 2017 3:51 PM          update user set cart='[{"id":1,"classify":"frock"},{"id":2,"classify":"wine"}]' where id=1;  
April 12, 2017 3:51 PM          select cart from user where id=1;  
April 12, 2017 3:52 PM          select cart from user where id=1;  
April 12, 2017 3:52 PM          select cart from user where id=1;  
April 12, 2017 3:52 PM          update user set cart='[{"id":1,"classify":"frock"},{"id":2,"classify":"wine"}]' where id=1;  
April 12, 2017 3:52 PM          select cart from user where id=1;  
April 12, 2017 3:52 PM          update user set cart='[{"id":1,"classify":"frock"},{"id":2,"classify":"wine"}]' where id=1;  
April 12, 2017 3:52 PM          select cart from user where id=1;  
April 12, 2017 3:52 PM          select cart from user where id=1;  
April 12, 2017 3:52 PM          select cart from user where id=1;  
April 12, 2017 3:52 PM          update user set cart='[{"id":1,"classify":"frock"},{"id":2,"classify":"wine"}]' where id=1;  
April 12, 2017 3:52 PM          select cart from user where id=1;  
April 12, 2017 3:52 PM          select cart from user where id=1;  
April 12, 2017 3:53 PM          update user set cart='[{"id":1,"classify":"frock"},{"id":2,"classify":"wine"}]' where id=1;  
April 12, 2017 3:53 PM          select cart from user where id=1;  
April 12, 2017 3:53 PM          select cart from user where id=1;  
April 12, 2017 3:54 PM          select cart from user where id=1;  
April 12, 2017 3:54 PM          update user set cart='[{"id":1,"classify":"frock"},{"id":2,"classify":"wine"}]' where id=1;  
April 12, 2017 3:54 PM          select cart from user where id=1;  
April 12, 2017 3:54 PM          select cart from user where id=1;  
April 12, 2017 3:54 PM          select cart from user where id=1;  
April 12, 2017 3:55 PM          select cart from user where id=2;  
April 12, 2017 3:55 PM          select cart from user where id=1;  
April 12, 2017 3:56 PM          update user set cart='[{"id":1,"classify":"frock"},{"id":2,"classify":"wine"}]' where id=1;  
April 12, 2017 3:56 PM          select cart from user where id=1;  
April 12, 2017 3:56 PM          update user set cart='[{"id":1,"classify":"frock"},{"id":2,"classify":"wine"}]' where id=1;  
April 12, 2017 3:56 PM          select cart from user where id=1;  
April 12, 2017 3:56 PM          select cart from user where id=1;  
April 12, 2017 3:56 PM          select cart from user where id=1;  
April 12, 2017 3:56 PM          select cart from user where id=1;  
April 12, 2017 3:56 PM          select cart from user where id=1;  
April 12, 2017 3:56 PM          select cart from user where id=1;  
April 12, 2017 3:56 PM          select cart from user where id=1;  
April 12, 2017 3:56 PM          select cart from user where id=1;  
April 12, 2017 3:56 PM          select cart from user where id=1;  
April 12, 2017 3:56 PM          select cart from user where id=1;  
April 12, 2017 3:56 PM          select cart from user where id=1;  
April 12, 2017 3:56 PM          select cart from user where id=1;  
April 12, 2017 3:57 PM          update user set cart='[{"id":1,"classify":"frock"},{"id":2,"classify":"wine"}]' where id=1;  
April 12, 2017 3:57 PM          select cart from user where id=1;  
April 12, 2017 4:02 PM          update user set cart='[{"id":1,"classify":"frock"},{"id":2,"classify":"wine"}]' where id=1;  
April 12, 2017 4:02 PM          select cart from user where id=1;  
April 12, 2017 4:02 PM          select * from frock where id=1;  
April 12, 2017 4:02 PM          select * from wine where id=2;  
April 12, 2017 4:02 PM          update user set cart='[{"id":1,"classify":"frock"},{"id":2,"classify":"wine"}]' where id=1;  
April 12, 2017 4:02 PM          select cart from user where id=1;  
April 12, 2017 4:02 PM          select * from frock where id=1;  
April 12, 2017 4:02 PM          select * from wine where id=2;  
April 12, 2017 4:03 PM          update user set cart='[{"id":1,"classify":"frock"},{"id":2,"classify":"wine"}]' where id=1;  
April 12, 2017 4:03 PM          select cart from user where id=1;  
April 12, 2017 4:04 PM          update user set cart='[{"id":1,"classify":"frock"},{"id":2,"classify":"wine"}]' where id=1;  
April 12, 2017 4:04 PM          select cart from user where id=1;  
April 12, 2017 4:05 PM          update user set cart='[{"id":1,"classify":"frock"},{"id":2,"classify":"wine"}]' where id=1;  
April 12, 2017 4:05 PM          select cart from user where id=1;  
April 12, 2017 4:05 PM          select * from frock where id=1;  
April 12, 2017 4:05 PM          select * from wine where id=2;  
April 12, 2017 4:05 PM          update user set cart='[{"id":1,"classify":"frock"},{"id":2,"classify":"wine"}]' where id=1;  
April 12, 2017 4:05 PM          select cart from user where id=1;  
April 12, 2017 4:05 PM          select * from frock where id=1;  
April 12, 2017 4:05 PM          select * from wine where id=2;  
April 12, 2017 4:06 PM          update user set cart='[{"id":1,"classify":"frock"},{"id":2,"classify":"wine"}]' where id=1;  
April 12, 2017 4:06 PM          select cart from user where id=1;  
April 12, 2017 4:06 PM          select * from frock where id=1;  
April 12, 2017 4:06 PM          select * from wine where id=2;