  
April 12, 2017 2:51 PM          /__webpack_hmr  
April 12, 2017 2:51 PM          /  
April 12, 2017 2:51 PM          /dist/common.c76746d6.js  
April 12, 2017 2:51 PM          /dist/bundle.c76746d6.js  
April 12, 2017 2:51 PM          /dist/common.c76746d6.js.map  
April 12, 2017 2:51 PM          /dist/bundle.c76746d6.js.map  
April 12, 2017 2:51 PM          /dist/index.606d32f0.chunk.js  
April 12, 2017 2:51 PM          /__webpack_hmr  
April 12, 2017 2:51 PM          /api/getClassify/nav  
April 12, 2017 2:51 PM          /dist/index.606d32f0.chunk.js.map  
April 12, 2017 2:51 PM          /api/getGoodsList?classify_id=1&count=5  
April 12, 2017 2:51 PM          /api/getGoodsList?classify_id=2&count=5  
April 12, 2017 2:51 PM          /api/getGoodsList?classify_id=3&count=5  
April 12, 2017 2:51 PM          /api/getGoodsList?classify_id=4&count=5  
April 12, 2017 2:51 PM          /api/getGoodsList?classify_id=5&count=5  
April 12, 2017 2:51 PM          /api/getGoodsList?classify_id=6&count=5  
April 12, 2017 2:51 PM          /api/getGoodsList?classify_id=7&count=5  
April 12, 2017 2:51 PM          /api/getGoodsList?classify_id=8&count=5  
April 12, 2017 2:51 PM          /api/getGoodsList?classify_id=9&count=5  
April 12, 2017 2:51 PM          /api/getGoodsList?classify_id=10&count=5  
April 12, 2017 2:51 PM          /dist/order.b1639fc0.chunk.js  
April 12, 2017 2:51 PM          /api/getOrders?id=1  
April 12, 2017 2:51 PM          /dist/order.b1639fc0.chunk.js.map  
April 12, 2017 2:52 PM          /order  
April 12, 2017 2:52 PM          /dist/common.c76746d6.js  
April 12, 2017 2:52 PM          /dist/bundle.c76746d6.js  
April 12, 2017 2:52 PM          /dist/common.c76746d6.js.map  
April 12, 2017 2:52 PM          /dist/bundle.c76746d6.js.map  
April 12, 2017 2:52 PM          /dist/index.606d32f0.chunk.js  
April 12, 2017 2:52 PM          /dist/order.b1639fc0.chunk.js  
April 12, 2017 2:52 PM          /__webpack_hmr  
April 12, 2017 2:52 PM          /dist/order.b1639fc0.chunk.js.map  
April 12, 2017 2:52 PM          /dist/index.606d32f0.chunk.js.map  
April 12, 2017 2:52 PM          /api/getOrders?id=1  
April 12, 2017 3:03 PM          /order  
April 12, 2017 3:06 PM          /order  
April 12, 2017 3:06 PM          /dist/common.c76746d6.js  
April 12, 2017 3:06 PM          /dist/bundle.c76746d6.js  
April 12, 2017 3:06 PM          /dist/common.c76746d6.js.map  
April 12, 2017 3:06 PM          /dist/bundle.c76746d6.js.map  
April 12, 2017 3:06 PM          /dist/index.606d32f0.chunk.js  
April 12, 2017 3:06 PM          /dist/order.b1639fc0.chunk.js  
April 12, 2017 3:06 PM          /__webpack_hmr  
April 12, 2017 3:06 PM          /dist/order.b1639fc0.chunk.js.map  
April 12, 2017 3:06 PM          /dist/index.606d32f0.chunk.js.map  
April 12, 2017 3:06 PM          /api/getOrders?id=1  
April 12, 2017 3:06 PM          /dist/cart.01d73efa.chunk.js  
April 12, 2017 3:06 PM          /dist/cart.01d73efa.chunk.js.map  
April 12, 2017 3:06 PM          /api/getOrders?id=1  
April 12, 2017 3:06 PM          /api/getClassify/nav  
April 12, 2017 3:06 PM          /api/getGoodsList?classify_id=1&count=5  
April 12, 2017 3:06 PM          /api/getGoodsList?classify_id=2&count=5  
April 12, 2017 3:06 PM          /api/getGoodsList?classify_id=3&count=5  
April 12, 2017 3:06 PM          /api/getGoodsList?classify_id=4&count=5  
April 12, 2017 3:06 PM          /api/getGoodsList?classify_id=5&count=5  
April 12, 2017 3:06 PM          /api/getGoodsList?classify_id=6&count=5  
April 12, 2017 3:06 PM          /api/getGoodsList?classify_id=7&count=5  
April 12, 2017 3:06 PM          /api/getGoodsList?classify_id=8&count=5  
April 12, 2017 3:06 PM          /api/getGoodsList?classify_id=9&count=5  
April 12, 2017 3:06 PM          /api/getGoodsList?classify_id=10&count=5  
April 12, 2017 3:06 PM          /api/getOrders?id=1  
April 12, 2017 3:06 PM          /dist/my.d431ae8e.chunk.js  
April 12, 2017 3:06 PM          /dist/my.d431ae8e.chunk.js.map  
April 12, 2017 3:06 PM          /api/getOrders?id=1  
April 12, 2017 3:06 PM          /api/getClassify/nav  
April 12, 2017 3:06 PM          /api/getGoodsList?classify_id=1&count=5  
April 12, 2017 3:06 PM          /api/getGoodsList?classify_id=2&count=5  
April 12, 2017 3:06 PM          /api/getGoodsList?classify_id=3&count=5  
April 12, 2017 3:06 PM          /api/getGoodsList?classify_id=4&count=5  
April 12, 2017 3:06 PM          /api/getGoodsList?classify_id=5&count=5  
April 12, 2017 3:06 PM          /api/getGoodsList?classify_id=6&count=5  
April 12, 2017 3:06 PM          /api/getGoodsList?classify_id=7&count=5  
April 12, 2017 3:06 PM          /api/getGoodsList?classify_id=8&count=5  
April 12, 2017 3:06 PM          /api/getGoodsList?classify_id=9&count=5  
April 12, 2017 3:06 PM          /api/getGoodsList?classify_id=10&count=5  
April 12, 2017 3:06 PM          /api/getOrders?id=1  
April 12, 2017 3:06 PM          /api/getOrders?id=1  
April 12, 2017 3:07 PM          /api/getClassify/nav  
April 12, 2017 3:07 PM          /api/getGoodsList?classify_id=1&count=5  
April 12, 2017 3:07 PM          /api/getGoodsList?classify_id=2&count=5  
April 12, 2017 3:07 PM          /api/getGoodsList?classify_id=3&count=5  
April 12, 2017 3:07 PM          /api/getGoodsList?classify_id=4&count=5  
April 12, 2017 3:07 PM          /api/getGoodsList?classify_id=5&count=5  
April 12, 2017 3:07 PM          /api/getGoodsList?classify_id=6&count=5  
April 12, 2017 3:07 PM          /api/getGoodsList?classify_id=7&count=5  
April 12, 2017 3:07 PM          /api/getGoodsList?classify_id=8&count=5  
April 12, 2017 3:07 PM          /api/getGoodsList?classify_id=9&count=5  
April 12, 2017 3:07 PM          /api/getGoodsList?classify_id=10&count=5  
April 12, 2017 3:07 PM          /api/getClassify/nav  
April 12, 2017 3:07 PM          /api/getGoodsList?classify_id=1&count=5  
April 12, 2017 3:07 PM          /api/getGoodsList?classify_id=2&count=5  
April 12, 2017 3:07 PM          /api/getGoodsList?classify_id=3&count=5  
April 12, 2017 3:07 PM          /api/getGoodsList?classify_id=4&count=5  
April 12, 2017 3:07 PM          /api/getGoodsList?classify_id=5&count=5  
April 12, 2017 3:07 PM          /api/getGoodsList?classify_id=6&count=5  
April 12, 2017 3:07 PM          /api/getGoodsList?classify_id=7&count=5  
April 12, 2017 3:07 PM          /api/getGoodsList?classify_id=8&count=5  
April 12, 2017 3:07 PM          /api/getGoodsList?classify_id=9&count=5  
April 12, 2017 3:07 PM          /api/getGoodsList?classify_id=10&count=5  
April 12, 2017 3:07 PM          /api/getClassify/nav  
April 12, 2017 3:07 PM          /api/getGoodsList?classify_id=1&count=5  
April 12, 2017 3:07 PM          /api/getGoodsList?classify_id=2&count=5  
April 12, 2017 3:07 PM          /api/getGoodsList?classify_id=3&count=5  
April 12, 2017 3:07 PM          /api/getGoodsList?classify_id=4&count=5  
April 12, 2017 3:07 PM          /api/getGoodsList?classify_id=5&count=5  
April 12, 2017 3:07 PM          /api/getGoodsList?classify_id=6&count=5  
April 12, 2017 3:07 PM          /api/getGoodsList?classify_id=7&count=5  
April 12, 2017 3:07 PM          /api/getGoodsList?classify_id=8&count=5  
April 12, 2017 3:07 PM          /api/getGoodsList?classify_id=9&count=5  
April 12, 2017 3:07 PM          /api/getGoodsList?classify_id=10&count=5  
April 12, 2017 3:07 PM          /api/getClassify/nav  
April 12, 2017 3:07 PM          /api/getGoodsList?classify_id=1&count=5  
April 12, 2017 3:07 PM          /api/getGoodsList?classify_id=2&count=5  
April 12, 2017 3:07 PM          /api/getGoodsList?classify_id=3&count=5  
April 12, 2017 3:07 PM          /api/getGoodsList?classify_id=4&count=5  
April 12, 2017 3:07 PM          /api/getGoodsList?classify_id=5&count=5  
April 12, 2017 3:07 PM          /api/getGoodsList?classify_id=6&count=5  
April 12, 2017 3:07 PM          /api/getGoodsList?classify_id=7&count=5  
April 12, 2017 3:07 PM          /api/getGoodsList?classify_id=8&count=5  
April 12, 2017 3:07 PM          /api/getGoodsList?classify_id=9&count=5  
April 12, 2017 3:07 PM          /api/getGoodsList?classify_id=10&count=5  
April 12, 2017 3:07 PM          /api/getClassify/nav  
April 12, 2017 3:07 PM          /api/getGoodsList?classify_id=1&count=5  
April 12, 2017 3:07 PM          /api/getGoodsList?classify_id=2&count=5  
April 12, 2017 3:07 PM          /api/getGoodsList?classify_id=3&count=5  
April 12, 2017 3:07 PM          /api/getGoodsList?classify_id=4&count=5  
April 12, 2017 3:07 PM          /api/getGoodsList?classify_id=5&count=5  
April 12, 2017 3:07 PM          /api/getGoodsList?classify_id=6&count=5  
April 12, 2017 3:07 PM          /api/getGoodsList?classify_id=7&count=5  
April 12, 2017 3:07 PM          /api/getGoodsList?classify_id=8&count=5  
April 12, 2017 3:07 PM          /api/getGoodsList?classify_id=9&count=5  
April 12, 2017 3:07 PM          /api/getGoodsList?classify_id=10&count=5  
April 12, 2017 3:07 PM          /api/getOrders?id=1  
April 12, 2017 3:07 PM          /api/getOrders?id=1  
April 12, 2017 3:07 PM          /api/getOrders?id=1  
April 12, 2017 3:07 PM          /api/getOrders?id=1  
April 12, 2017 3:07 PM          /api/getOrders?id=1  
April 12, 2017 3:07 PM          /api/getOrders?id=1  
April 12, 2017 3:08 PM          /dist/synopsis.91580059.chunk.js  
April 12, 2017 3:08 PM          /api/getGood?classify=snack&id=7  
April 12, 2017 3:08 PM          /dist/synopsis.91580059.chunk.js.map  
April 12, 2017 3:08 PM          /api/getOrders?id=1  
April 12, 2017 3:08 PM          /api/getClassify/nav  
April 12, 2017 3:08 PM          /api/getGoodsList?classify_id=1&count=5  
April 12, 2017 3:08 PM          /api/getGoodsList?classify_id=2&count=5  
April 12, 2017 3:08 PM          /api/getGoodsList?classify_id=3&count=5  
April 12, 2017 3:08 PM          /api/getGoodsList?classify_id=4&count=5  
April 12, 2017 3:08 PM          /api/getGoodsList?classify_id=5&count=5  
April 12, 2017 3:08 PM          /api/getGoodsList?classify_id=6&count=5  
April 12, 2017 3:08 PM          /api/getGoodsList?classify_id=7&count=5  
April 12, 2017 3:08 PM          /api/getGoodsList?classify_id=8&count=5  
April 12, 2017 3:08 PM          /api/getGoodsList?classify_id=9&count=5  
April 12, 2017 3:08 PM          /api/getGoodsList?classify_id=10&count=5  
April 12, 2017 3:08 PM          /api/getGood?classify=frock&id=2  
April 12, 2017 3:08 PM          /api/getClassify/nav  
April 12, 2017 3:08 PM          /api/getGoodsList?classify_id=1&count=5  
April 12, 2017 3:08 PM          /api/getGoodsList?classify_id=2&count=5  
April 12, 2017 3:08 PM          /api/getGoodsList?classify_id=3&count=5  
April 12, 2017 3:08 PM          /api/getGoodsList?classify_id=4&count=5  
April 12, 2017 3:08 PM          /api/getGoodsList?classify_id=5&count=5  
April 12, 2017 3:08 PM          /api/getGoodsList?classify_id=6&count=5  
April 12, 2017 3:08 PM          /api/getGoodsList?classify_id=7&count=5  
April 12, 2017 3:08 PM          /api/getGoodsList?classify_id=8&count=5  
April 12, 2017 3:08 PM          /api/getGoodsList?classify_id=9&count=5  
April 12, 2017 3:08 PM          /api/getGoodsList?classify_id=10&count=5  
April 12, 2017 3:08 PM          /dist/search.e52e087c.chunk.js  
April 12, 2017 3:08 PM          /dist/search.e52e087c.chunk.js.map  
April 12, 2017 3:08 PM          /api/getClassify/nav  
April 12, 2017 3:08 PM          /api/getGoodsList?classify_id=1&count=5  
April 12, 2017 3:08 PM          /api/getGoodsList?classify_id=2&count=5  
April 12, 2017 3:08 PM          /api/getGoodsList?classify_id=3&count=5  
April 12, 2017 3:08 PM          /api/getGoodsList?classify_id=4&count=5  
April 12, 2017 3:08 PM          /api/getGoodsList?classify_id=5&count=5  
April 12, 2017 3:08 PM          /api/getGoodsList?classify_id=6&count=5  
April 12, 2017 3:08 PM          /api/getGoodsList?classify_id=7&count=5  
April 12, 2017 3:08 PM          /api/getGoodsList?classify_id=8&count=5  
April 12, 2017 3:08 PM          /api/getGoodsList?classify_id=9&count=5  
April 12, 2017 3:08 PM          /api/getGoodsList?classify_id=10&count=5  
April 12, 2017 3:08 PM          /api/getOrders?id=1  
April 12, 2017 3:09 PM          /api/getOrders?id=1  
April 12, 2017 3:09 PM          /dist/c76746d686d5211b0d58.hot-update.json  
April 12, 2017 3:09 PM          /dist/2.c76746d686d5211b0d58.hot-update.js  
April 12, 2017 3:09 PM          /dist/2.c76746d686d5211b0d58.hot-update.js.map  
April 12, 2017 3:09 PM          /order  
April 12, 2017 3:11 PM          /order  
April 12, 2017 3:11 PM          /dist/common.31edb582.js  
April 12, 2017 3:11 PM          /dist/bundle.31edb582.js  
April 12, 2017 3:11 PM          /dist/common.31edb582.js.map  
April 12, 2017 3:11 PM          /dist/order.0efb5d19.chunk.js  
April 12, 2017 3:11 PM          /dist/index.606d32f0.chunk.js  
April 12, 2017 3:11 PM          /__webpack_hmr  
April 12, 2017 3:11 PM          /api/getOrders?id=1  
April 12, 2017 3:11 PM          /dist/index.606d32f0.chunk.js.map  
April 12, 2017 3:11 PM          /dist/order.0efb5d19.chunk.js.map  
April 12, 2017 3:11 PM          /dist/31edb5828042d3a28b23.hot-update.json  
April 12, 2017 3:11 PM          /dist/2.31edb5828042d3a28b23.hot-update.js  
April 12, 2017 3:11 PM          /dist/2.31edb5828042d3a28b23.hot-update.js.map  
April 12, 2017 3:11 PM          /order  
April 12, 2017 3:11 PM          /dist/common.32ad0894.js  
April 12, 2017 3:11 PM          /dist/bundle.32ad0894.js  
April 12, 2017 3:11 PM          /dist/common.32ad0894.js.map  
April 12, 2017 3:12 PM          /dist/index.606d32f0.chunk.js  
April 12, 2017 3:12 PM          /dist/order.f3fae9ae.chunk.js  
April 12, 2017 3:12 PM          /dist/order.f3fae9ae.chunk.js.map  
April 12, 2017 3:12 PM          /dist/index.606d32f0.chunk.js.map  
April 12, 2017 3:12 PM          /api/getOrders?id=1  
April 12, 2017 3:12 PM          /__webpack_hmr  
April 12, 2017 3:12 PM          /order  
April 12, 2017 3:12 PM          /dist/common.32ad0894.js  
April 12, 2017 3:12 PM          /dist/bundle.32ad0894.js  
April 12, 2017 3:12 PM          /dist/common.32ad0894.js.map  
April 12, 2017 3:12 PM          /dist/index.606d32f0.chunk.js  
April 12, 2017 3:12 PM          /dist/order.f3fae9ae.chunk.js  
April 12, 2017 3:12 PM          /__webpack_hmr  
April 12, 2017 3:12 PM          /dist/order.f3fae9ae.chunk.js.map  
April 12, 2017 3:12 PM          /dist/index.606d32f0.chunk.js.map  
April 12, 2017 3:12 PM          /api/getOrders?id=1  
April 12, 2017 3:12 PM          /dist/32ad0894c7933514cc87.hot-update.json  
April 12, 2017 3:12 PM          /dist/2.32ad0894c7933514cc87.hot-update.js  
April 12, 2017 3:12 PM          /dist/2.32ad0894c7933514cc87.hot-update.js.map  
April 12, 2017 3:12 PM          /order  
April 12, 2017 3:13 PM          /order  
April 12, 2017 3:13 PM          /dist/common.ceb6a58c.js  
April 12, 2017 3:13 PM          /dist/bundle.ceb6a58c.js  
April 12, 2017 3:13 PM          /dist/common.ceb6a58c.js.map  
April 12, 2017 3:13 PM          /dist/index.606d32f0.chunk.js  
April 12, 2017 3:13 PM          /dist/order.087eba46.chunk.js  
April 12, 2017 3:13 PM          /__webpack_hmr  
April 12, 2017 3:13 PM          /dist/index.606d32f0.chunk.js.map  
April 12, 2017 3:13 PM          /dist/order.087eba46.chunk.js.map  
April 12, 2017 3:13 PM          /api/getOrders?id=1  
April 12, 2017 3:13 PM          /dist/ceb6a58c5147d5da3ed9.hot-update.json  
April 12, 2017 3:13 PM          /dist/2.ceb6a58c5147d5da3ed9.hot-update.js  
April 12, 2017 3:13 PM          /dist/2.ceb6a58c5147d5da3ed9.hot-update.js.map  
April 12, 2017 3:13 PM          /order  
April 12, 2017 3:13 PM          /dist/common.7c677db8.js  
April 12, 2017 3:13 PM          /dist/bundle.7c677db8.js  
April 12, 2017 3:13 PM          /dist/common.7c677db8.js.map  
April 12, 2017 3:13 PM          /dist/index.606d32f0.chunk.js  
April 12, 2017 3:13 PM          /dist/order.dc408758.chunk.js  
April 12, 2017 3:13 PM          /__webpack_hmr  
April 12, 2017 3:13 PM          /dist/index.606d32f0.chunk.js.map  
April 12, 2017 3:13 PM          /dist/order.dc408758.chunk.js.map  
April 12, 2017 3:13 PM          /api/getOrders?id=1  
April 12, 2017 3:13 PM          /dist/7c677db85e1806f794c7.hot-update.json  
April 12, 2017 3:13 PM          /dist/2.7c677db85e1806f794c7.hot-update.js  
April 12, 2017 3:13 PM          /dist/2.7c677db85e1806f794c7.hot-update.js.map  
April 12, 2017 3:13 PM          /order  
April 12, 2017 3:13 PM          /dist/common.806d1482.js  
April 12, 2017 3:13 PM          /dist/bundle.806d1482.js  
April 12, 2017 3:13 PM          /dist/index.606d32f0.chunk.js  
April 12, 2017 3:13 PM          /dist/order.14d00eaf.chunk.js  
April 12, 2017 3:13 PM          /dist/common.806d1482.js.map  
April 12, 2017 3:13 PM          /__webpack_hmr  
April 12, 2017 3:13 PM          /api/getOrders?id=1  
April 12, 2017 3:13 PM          /dist/index.606d32f0.chunk.js.map  
April 12, 2017 3:13 PM          /dist/order.14d00eaf.chunk.js.map  
April 12, 2017 3:13 PM          /order  
April 12, 2017 3:13 PM          /dist/common.806d1482.js  
April 12, 2017 3:13 PM          /dist/bundle.806d1482.js  
April 12, 2017 3:13 PM          /dist/common.806d1482.js.map  
April 12, 2017 3:13 PM          /dist/index.606d32f0.chunk.js  
April 12, 2017 3:13 PM          /dist/order.14d00eaf.chunk.js  
April 12, 2017 3:13 PM          /__webpack_hmr  
April 12, 2017 3:13 PM          /dist/index.606d32f0.chunk.js.map  
April 12, 2017 3:13 PM          /dist/order.14d00eaf.chunk.js.map  
April 12, 2017 3:13 PM          /api/getOrders?id=1  
April 12, 2017 3:15 PM          /dist/806d148247fda02eaacf.hot-update.json  
April 12, 2017 3:15 PM          /dist/2.806d148247fda02eaacf.hot-update.js  
April 12, 2017 3:15 PM          /dist/2.806d148247fda02eaacf.hot-update.js.map  
April 12, 2017 3:15 PM          /order  
April 12, 2017 3:15 PM          /dist/common.998765f8.js  
April 12, 2017 3:15 PM          /dist/bundle.998765f8.js  
April 12, 2017 3:15 PM          /dist/common.998765f8.js.map  
April 12, 2017 3:15 PM          /dist/index.606d32f0.chunk.js  
April 12, 2017 3:15 PM          /dist/order.74ab7873.chunk.js  
April 12, 2017 3:15 PM          /__webpack_hmr  
April 12, 2017 3:15 PM          /api/getOrders?id=1  
April 12, 2017 3:15 PM          /dist/order.74ab7873.chunk.js.map  
April 12, 2017 3:15 PM          /dist/index.606d32f0.chunk.js.map  
April 12, 2017 3:16 PM          /dist/998765f8007ad5b05cca.hot-update.json  
April 12, 2017 3:16 PM          /dist/2.998765f8007ad5b05cca.hot-update.js  
April 12, 2017 3:16 PM          /dist/2.998765f8007ad5b05cca.hot-update.js.map  
April 12, 2017 3:16 PM          /order  
April 12, 2017 3:16 PM          /dist/common.743a31d5.js  
April 12, 2017 3:16 PM          /dist/bundle.743a31d5.js  
April 12, 2017 3:16 PM          /dist/common.743a31d5.js.map  
April 12, 2017 3:16 PM          /dist/index.606d32f0.chunk.js  
April 12, 2017 3:16 PM          /dist/order.93e6bddc.chunk.js  
April 12, 2017 3:16 PM          /dist/order.93e6bddc.chunk.js.map  
April 12, 2017 3:16 PM          /dist/index.606d32f0.chunk.js.map  
April 12, 2017 3:16 PM          /api/getOrders?id=1  
April 12, 2017 3:16 PM          /__webpack_hmr  
April 12, 2017 3:16 PM          /order  
April 12, 2017 3:16 PM          /dist/common.743a31d5.js  
April 12, 2017 3:16 PM          /dist/bundle.743a31d5.js  
April 12, 2017 3:16 PM          /dist/common.743a31d5.js.map  
April 12, 2017 3:16 PM          /dist/index.606d32f0.chunk.js  
April 12, 2017 3:16 PM          /dist/order.93e6bddc.chunk.js  
April 12, 2017 3:16 PM          /__webpack_hmr  
April 12, 2017 3:16 PM          /dist/order.93e6bddc.chunk.js.map  
April 12, 2017 3:16 PM          /dist/index.606d32f0.chunk.js.map  
April 12, 2017 3:16 PM          /api/getOrders?id=1  
April 12, 2017 3:17 PM          /order  
April 12, 2017 3:17 PM          /dist/common.661b2987.js  
April 12, 2017 3:17 PM          /dist/bundle.661b2987.js  
April 12, 2017 3:17 PM          /dist/common.661b2987.js.map  
April 12, 2017 3:17 PM          /dist/index.606d32f0.chunk.js  
April 12, 2017 3:17 PM          /dist/order.aa559db9.chunk.js  
April 12, 2017 3:17 PM          /__webpack_hmr  
April 12, 2017 3:17 PM          /dist/order.aa559db9.chunk.js.map  
April 12, 2017 3:17 PM          /dist/index.606d32f0.chunk.js.map  
April 12, 2017 3:17 PM          /order  
April 12, 2017 3:17 PM          /dist/common.661b2987.js  
April 12, 2017 3:17 PM          /dist/bundle.661b2987.js  
April 12, 2017 3:17 PM          /dist/common.661b2987.js.map  
April 12, 2017 3:17 PM          /dist/index.606d32f0.chunk.js  
April 12, 2017 3:17 PM          /dist/order.aa559db9.chunk.js  
April 12, 2017 3:17 PM          /__webpack_hmr  
April 12, 2017 3:17 PM          /dist/index.606d32f0.chunk.js.map  
April 12, 2017 3:17 PM          /dist/order.aa559db9.chunk.js.map  
April 12, 2017 3:17 PM          /order  
April 12, 2017 3:17 PM          /dist/661b2987228e1ec77c6d.hot-update.json  
April 12, 2017 3:17 PM          /dist/common.3bf9864f.js  
April 12, 2017 3:17 PM          /dist/bundle.3bf9864f.js  
April 12, 2017 3:17 PM          /dist/common.3bf9864f.js.map  
April 12, 2017 3:17 PM          /dist/index.606d32f0.chunk.js  
April 12, 2017 3:17 PM          /dist/order.48a5fba9.chunk.js  
April 12, 2017 3:17 PM          /__webpack_hmr  
April 12, 2017 3:17 PM          /dist/order.48a5fba9.chunk.js.map  
April 12, 2017 3:17 PM          /api/getOrders?id=1  
April 12, 2017 3:17 PM          /dist/index.606d32f0.chunk.js.map  
April 12, 2017 3:17 PM          /dist/3bf9864f4f78529a49f9.hot-update.json  
April 12, 2017 3:17 PM          /dist/2.3bf9864f4f78529a49f9.hot-update.js  
April 12, 2017 3:17 PM          /dist/2.3bf9864f4f78529a49f9.hot-update.js.map  
April 12, 2017 3:17 PM          /order  
April 12, 2017 3:17 PM          /dist/common.c78d73a5.js  
April 12, 2017 3:17 PM          /dist/bundle.c78d73a5.js  
April 12, 2017 3:17 PM          /dist/common.c78d73a5.js.map  
April 12, 2017 3:17 PM          /dist/index.606d32f0.chunk.js  
April 12, 2017 3:17 PM          /dist/order.fe0bcfe5.chunk.js  
April 12, 2017 3:17 PM          /__webpack_hmr  
April 12, 2017 3:17 PM          /dist/order.fe0bcfe5.chunk.js.map  
April 12, 2017 3:17 PM          /dist/index.606d32f0.chunk.js.map  
April 12, 2017 3:17 PM          /api/getOrders?id=1  
April 12, 2017 3:18 PM          /dist/c78d73a5a5bd0b97bdcb.hot-update.json  
April 12, 2017 3:18 PM          /dist/2.c78d73a5a5bd0b97bdcb.hot-update.js  
April 12, 2017 3:18 PM          /dist/2.c78d73a5a5bd0b97bdcb.hot-update.js.map  
April 12, 2017 3:18 PM          /order  
April 12, 2017 3:18 PM          /dist/common.30c73b21.js  
April 12, 2017 3:18 PM          /dist/bundle.30c73b21.js  
April 12, 2017 3:18 PM          /dist/common.30c73b21.js.map  
April 12, 2017 3:18 PM          /dist/index.606d32f0.chunk.js  
April 12, 2017 3:18 PM          /dist/order.c1dc5c46.chunk.js  
April 12, 2017 3:18 PM          /__webpack_hmr  
April 12, 2017 3:18 PM          /dist/index.606d32f0.chunk.js.map  
April 12, 2017 3:18 PM          /dist/order.c1dc5c46.chunk.js.map  
April 12, 2017 3:18 PM          /api/getOrders?id=1  
April 12, 2017 3:18 PM          /dist/30c73b21634dc036ea9e.hot-update.json  
April 12, 2017 3:18 PM          /dist/2.30c73b21634dc036ea9e.hot-update.js  
April 12, 2017 3:18 PM          /dist/2.30c73b21634dc036ea9e.hot-update.js.map  
April 12, 2017 3:18 PM          /order  
April 12, 2017 3:18 PM          /order  
April 12, 2017 3:18 PM          /dist/common.d30fb82b.js  
April 12, 2017 3:18 PM          /dist/bundle.d30fb82b.js  
April 12, 2017 3:18 PM          /dist/common.d30fb82b.js.map  
April 12, 2017 3:18 PM          /dist/index.606d32f0.chunk.js  
April 12, 2017 3:18 PM          /dist/order.3fd4f94a.chunk.js  
April 12, 2017 3:18 PM          /__webpack_hmr  
April 12, 2017 3:18 PM          /dist/index.606d32f0.chunk.js.map  
April 12, 2017 3:18 PM          /dist/order.3fd4f94a.chunk.js.map  
April 12, 2017 3:18 PM          /api/getOrders?id=1  
April 12, 2017 3:18 PM          /dist/d30fb82be3048e54e467.hot-update.json  
April 12, 2017 3:18 PM          /dist/2.d30fb82be3048e54e467.hot-update.js  
April 12, 2017 3:18 PM          /dist/2.d30fb82be3048e54e467.hot-update.js.map  
April 12, 2017 3:18 PM          /order  
April 12, 2017 3:18 PM          /dist/common.4d89f5a1.js  
April 12, 2017 3:18 PM          /dist/common.4d89f5a1.js.map  
April 12, 2017 3:18 PM          /dist/bundle.4d89f5a1.js  
April 12, 2017 3:18 PM          /dist/index.606d32f0.chunk.js  
April 12, 2017 3:18 PM          /dist/order.f4fa27e0.chunk.js  
April 12, 2017 3:18 PM          /__webpack_hmr  
April 12, 2017 3:18 PM          /dist/index.606d32f0.chunk.js.map  
April 12, 2017 3:18 PM          /dist/order.f4fa27e0.chunk.js.map  
April 12, 2017 3:18 PM          /api/getOrders?id=1  
April 12, 2017 3:19 PM          /dist/4d89f5a138789e5bb548.hot-update.json  
April 12, 2017 3:19 PM          /dist/2.4d89f5a138789e5bb548.hot-update.js  
April 12, 2017 3:19 PM          /dist/2.4d89f5a138789e5bb548.hot-update.js.map  
April 12, 2017 3:19 PM          /order  
April 12, 2017 3:19 PM          /dist/common.7a080a49.js  
April 12, 2017 3:19 PM          /dist/bundle.7a080a49.js  
April 12, 2017 3:19 PM          /dist/common.7a080a49.js.map  
April 12, 2017 3:19 PM          /dist/index.606d32f0.chunk.js  
April 12, 2017 3:19 PM          /dist/order.423f21d7.chunk.js  
April 12, 2017 3:19 PM          /__webpack_hmr  
April 12, 2017 3:19 PM          /dist/order.423f21d7.chunk.js.map  
April 12, 2017 3:19 PM          /dist/index.606d32f0.chunk.js.map  
April 12, 2017 3:19 PM          /api/getOrders?id=1  
April 12, 2017 3:19 PM          /dist/7a080a49626dcbbf17de.hot-update.json  
April 12, 2017 3:19 PM          /dist/2.7a080a49626dcbbf17de.hot-update.js  
April 12, 2017 3:19 PM          /order  
April 12, 2017 3:19 PM          /dist/2.7a080a49626dcbbf17de.hot-update.js.map  
April 12, 2017 3:19 PM          /order  
April 12, 2017 3:19 PM          /dist/common.156833aa.js  
April 12, 2017 3:19 PM          /dist/bundle.156833aa.js  
April 12, 2017 3:19 PM          /dist/common.156833aa.js.map  
April 12, 2017 3:19 PM          /dist/index.606d32f0.chunk.js  
April 12, 2017 3:19 PM          /dist/order.7c1dd0b1.chunk.js  
April 12, 2017 3:19 PM          /__webpack_hmr  
April 12, 2017 3:19 PM          /dist/order.7c1dd0b1.chunk.js.map  
April 12, 2017 3:19 PM          /dist/index.606d32f0.chunk.js.map  
April 12, 2017 3:19 PM          /api/getOrders?id=1  
April 12, 2017 3:33 PM          /dist/cart.01d73efa.chunk.js  
April 12, 2017 3:33 PM          /dist/cart.01d73efa.chunk.js.map  
April 12, 2017 3:33 PM          /dist/my.d431ae8e.chunk.js  
April 12, 2017 3:33 PM          /dist/my.d431ae8e.chunk.js.map  
April 12, 2017 3:33 PM          /api/getOrders?id=1  
April 12, 2017 3:33 PM          /api/getClassify/nav  
April 12, 2017 3:33 PM          /api/getGoodsList?classify_id=1&count=5  
April 12, 2017 3:33 PM          /api/getGoodsList?classify_id=2&count=5  
April 12, 2017 3:33 PM          /api/getGoodsList?classify_id=3&count=5  
April 12, 2017 3:33 PM          /api/getGoodsList?classify_id=4&count=5  
April 12, 2017 3:33 PM          /api/getGoodsList?classify_id=5&count=5  
April 12, 2017 3:33 PM          /api/getGoodsList?classify_id=6&count=5  
April 12, 2017 3:33 PM          /api/getGoodsList?classify_id=7&count=5  
April 12, 2017 3:33 PM          /api/getGoodsList?classify_id=8&count=5  
April 12, 2017 3:33 PM          /api/getGoodsList?classify_id=9&count=5  
April 12, 2017 3:33 PM          /api/getGoodsList?classify_id=10&count=5  
April 12, 2017 3:33 PM          /api/getOrders?id=1  
April 12, 2017 3:33 PM          /api/getOrders?id=1  
April 12, 2017 3:33 PM          /api/getClassify/nav  
April 12, 2017 3:33 PM          /api/getGoodsList?classify_id=1&count=5  
April 12, 2017 3:33 PM          /api/getGoodsList?classify_id=2&count=5  
April 12, 2017 3:33 PM          /api/getGoodsList?classify_id=3&count=5  
April 12, 2017 3:33 PM          /api/getGoodsList?classify_id=4&count=5  
April 12, 2017 3:33 PM          /api/getGoodsList?classify_id=5&count=5  
April 12, 2017 3:33 PM          /api/getGoodsList?classify_id=6&count=5  
April 12, 2017 3:33 PM          /api/getGoodsList?classify_id=7&count=5  
April 12, 2017 3:33 PM          /api/getGoodsList?classify_id=8&count=5  
April 12, 2017 3:33 PM          /api/getGoodsList?classify_id=9&count=5  
April 12, 2017 3:33 PM          /api/getGoodsList?classify_id=10&count=5  
April 12, 2017 3:33 PM          /api/getOrders?id=1  
April 12, 2017 3:44 PM          /__webpack_hmr  
April 12, 2017 3:44 PM          /dist/156833aa2c891af8d79d.hot-update.json  
April 12, 2017 3:44 PM          /cart  
April 12, 2017 3:44 PM          /dist/common.62ff6ff5.js  
April 12, 2017 3:44 PM          /dist/bundle.62ff6ff5.js  
April 12, 2017 3:44 PM          /dist/common.62ff6ff5.js.map  
April 12, 2017 3:44 PM          /dist/bundle.62ff6ff5.js.map  
April 12, 2017 3:44 PM          /dist/index.9a61c665.chunk.js  
April 12, 2017 3:44 PM          /dist/cart.52b251d5.chunk.js  
April 12, 2017 3:44 PM          /__webpack_hmr  
April 12, 2017 3:44 PM          /dist/cart.52b251d5.chunk.js.map  
April 12, 2017 3:44 PM          /dist/index.9a61c665.chunk.js.map  
April 12, 2017 3:46 PM          /dist/62ff6ff50b13a18f724e.hot-update.json  
April 12, 2017 3:46 PM          /dist/5.62ff6ff50b13a18f724e.hot-update.js  
April 12, 2017 3:46 PM          /dist/5.62ff6ff50b13a18f724e.hot-update.js.map  
April 12, 2017 3:46 PM          /cart  
April 12, 2017 3:51 PM          /api/get/myCart?id=1  
April 12, 2017 3:51 PM          /api/get/myCart?id=1  
April 12, 2017 3:52 PM          /api/get/myCart?id=1  
April 12, 2017 3:52 PM          /api/get/myCart?id=1  
April 12, 2017 3:52 PM          /api/get/myCart?id=1  
April 12, 2017 3:52 PM          /api/get/myCart?id=1  
April 12, 2017 3:52 PM          /api/get/myCart?id=1  
April 12, 2017 3:52 PM          /api/get/myCart?id=1  
April 12, 2017 3:52 PM          /api/get/myCart?id=1  
April 12, 2017 3:52 PM          /api/get/myCart?id=1  
April 12, 2017 3:53 PM          /api/get/myCart?id=1  
April 12, 2017 3:53 PM          /api/get/myCart?id=1  
April 12, 2017 3:54 PM          /api/get/myCart?id=1  
April 12, 2017 3:54 PM          /api/get/myCart?id=1  
April 12, 2017 3:54 PM          /api/get/myCart?id=1  
April 12, 2017 3:54 PM          /api/get/myCart?id=1  
April 12, 2017 3:55 PM          /api/get/myCart?id=2  
April 12, 2017 3:55 PM          /api/get/myCart?id=1  
April 12, 2017 3:56 PM          /api/get/myCart?id=1  
April 12, 2017 3:56 PM          /api/get/myCart?id=1  
April 12, 2017 3:56 PM          /api/get/myCart?id=1  
April 12, 2017 3:56 PM          /api/get/myCart?id=1  
April 12, 2017 3:56 PM          /api/get/myCart?id=1  
April 12, 2017 3:56 PM          /api/get/myCart?id=1  
April 12, 2017 3:56 PM          /api/get/myCart?id=1  
April 12, 2017 3:56 PM          /api/get/myCart?id=1  
April 12, 2017 3:56 PM          /api/get/myCart?id=1  
April 12, 2017 3:56 PM          /api/get/myCart?id=1  
April 12, 2017 3:56 PM          /api/get/myCart?id=1  
April 12, 2017 3:56 PM          /api/get/myCart?id=1  
April 12, 2017 3:56 PM          /api/get/myCart?id=1  
April 12, 2017 3:57 PM          /api/get/myCart?id=1  
April 12, 2017 3:58 PM          /cart  
April 12, 2017 3:58 PM          /dist/common.f4a749ce.js  
April 12, 2017 3:58 PM          /dist/bundle.f4a749ce.js  
April 12, 2017 3:58 PM          /dist/common.f4a749ce.js.map  
April 12, 2017 3:58 PM          /dist/bundle.f4a749ce.js.map  
April 12, 2017 3:58 PM          /dist/index.a9419df3.chunk.js  
April 12, 2017 3:58 PM          /dist/cart.d163f1da.chunk.js  
April 12, 2017 3:58 PM          /__webpack_hmr  
April 12, 2017 3:58 PM          /dist/cart.d163f1da.chunk.js.map  
April 12, 2017 3:58 PM          /dist/index.a9419df3.chunk.js.map  
April 12, 2017 3:58 PM          /cart  
April 12, 2017 3:58 PM          /dist/common.f4a749ce.js  
April 12, 2017 3:58 PM          /dist/bundle.f4a749ce.js  
April 12, 2017 3:58 PM          /dist/common.f4a749ce.js.map  
April 12, 2017 3:58 PM          /dist/bundle.f4a749ce.js.map  
April 12, 2017 3:58 PM          /dist/index.a9419df3.chunk.js  
April 12, 2017 3:58 PM          /dist/cart.d163f1da.chunk.js  
April 12, 2017 3:58 PM          /__webpack_hmr  
April 12, 2017 3:58 PM          /dist/cart.d163f1da.chunk.js.map  
April 12, 2017 3:58 PM          /dist/index.a9419df3.chunk.js.map  
April 12, 2017 4:02 PM          /api/get/myCart?id=1  
April 12, 2017 4:02 PM          /api/get/myCart?id=1  
April 12, 2017 4:02 PM          /__webpack_hmr  
April 12, 2017 4:03 PM          /api/get/myCart?id=1  
April 12, 2017 4:04 PM          /__webpack_hmr  
April 12, 2017 4:04 PM          /api/get/myCart?id=1  
April 12, 2017 4:04 PM          /__webpack_hmr  
April 12, 2017 4:05 PM          /api/get/myCart?id=1  
April 12, 2017 4:05 PM          /__webpack_hmr  
April 12, 2017 4:05 PM          /api/get/myCart?id=1  
April 12, 2017 4:06 PM          /__webpack_hmr  
April 12, 2017 4:06 PM          /api/get/myCart?id=1  
April 12, 2017 4:06 PM          /__webpack_hmr